<?xml version="1.0" encoding="UTF-8"?>
<!-- Generated by org.testng.reporters.JUnitXMLReporter -->
<testsuite ignored="0" hostname="DESKTOP-F5DJMQV" failures="3" tests="4" name="DataDrivenTest" time="22.484" errors="0" timestamp="2023-12-16T16:17:27 IST">
  <testcase classname="com.basics.DataDrivenTesting" name="Logintest" time="6.178">
    <failure type="java.lang.AssertionError" message="Page title doesn&amp;apos;t match expected title expected [Logged In Successfully | Practice Test Automation] but found [Test Login | Practice Test Automation]">
      <![CDATA[java.lang.AssertionError: Page title doesn't match expected title expected [Logged In Successfully | Practice Test Automation] but found [Test Login | Practice Test Automation]
at com.basics.DataDrivenTesting.Logintest(DataDrivenTesting.java:32)
at java.base/java.util.ArrayList.forEach(ArrayList.java:1596)
... Removed 34 stack frames]]>
    </failure>
  </testcase> <!-- Logintest -->
  <testcase classname="com.basics.DataDrivenTesting" name="Logintest" time="4.885">
    <failure type="java.lang.AssertionError" message="Page title doesn&amp;apos;t match expected title expected [Logged In Successfully | Practice Test Automation] but found [Test Login | Practice Test Automation]">
      <![CDATA[java.lang.AssertionError: Page title doesn't match expected title expected [Logged In Successfully | Practice Test Automation] but found [Test Login | Practice Test Automation]
at com.basics.DataDrivenTesting.Logintest(DataDrivenTesting.java:32)
at java.base/java.util.ArrayList.forEach(ArrayList.java:1596)
... Removed 34 stack frames]]>
    </failure>
  </testcase> <!-- Logintest -->
  <testcase classname="com.basics.DataDrivenTesting" name="Logintest" time="4.919">
    <failure type="java.lang.AssertionError" message="Page title doesn&amp;apos;t match expected title expected [Logged In Successfully | Practice Test Automation] but found [Test Login | Practice Test Automation]">
      <![CDATA[java.lang.AssertionError: Page title doesn't match expected title expected [Logged In Successfully | Practice Test Automation] but found [Test Login | Practice Test Automation]
at com.basics.DataDrivenTesting.Logintest(DataDrivenTesting.java:32)
at java.base/java.util.ArrayList.forEach(ArrayList.java:1596)
... Removed 34 stack frames]]>
    </failure>
  </testcase> <!-- Logintest -->
  <testcase classname="com.basics.DataDrivenTesting" name="Logintest" time="6.424"/>
</testsuite> <!-- DataDrivenTest -->
